  arcballWindow.cpp
  arrow.cpp
  axes.cpp
  bbox.cpp
  bvh.cpp
  eye.cpp
  font.cpp
  glverts.cpp
  gpuProgram.cpp
  light.cpp
  linalg.cpp
  main.cpp
  material.cpp
  object.cpp
  scene.cpp
  sphere.cpp
  texture.cpp
  triangle.cpp
  vertex.cpp
  wavefront.cpp
  Generating Code...
  Compiling...
  wavefrontobj.cpp
  Generating Code...
  glad.c
LINK : warning LNK4098: defaultlib 'MSVCRT' conflicts with use of other libs; use /NODEFAULTLIB:library
  a3.vcxproj -> C:\Users\Cache Angus\Documents\graphics\CMPE_454\a3\Debug\a3.exe
